New log file opened at Mon Dec 07 15:02:00 MST 2015 by 7984@DS5520
jvm 7984@DS5520
jvm vmName=Java HotSpot(TM) 64-Bit Server VM vmVendor=Oracle Corporation vmVersion=25.45-b02
jvm specName=Java Virtual Machine Specification specVendor=Oracle Corporation specVersion=1.8
jvm arguments: [-Xms256m, -Xmx1024m, -XX:MetaspaceSize=64m, -XX:MaxMetaspaceSize=256m]
Starting event engine
Starting sbt command engine
Waiting for sbt command engine
Command engine arguments=List()
Command engine baseDirectory=C:\Workspace\DSCrawler
Command engine initial remaining commands List(--initialize, onFailure load-failed, boot, server-send-ready-for-request, server-handle-next-server-request)
> --initialize
> initialize
> onFailure load-failed
> boot
> reload
[Loading] Scanning directory C:\Workspace\DSCrawler\project
[Loading] Found non-root projects 
[Loading] Done in C:\Workspace\DSCrawler\project, returning: ()
deducing auto plugins based on known facts Set(Atom(sbt.plugins.CorePlugin)) and clauses Clauses(List(Clause(Atom(sbt.plugins.JvmPlugin),Set(Atom(sbt.plugins.IvyPlugin))), Clause(Atom(sbt.plugins.JUnitXmlReportPlugin),Set(Atom(sbt.plugins.JvmPlugin))), Clause(Atom(sbt.plugins.CorePlugin),Set(Atom(sbt.plugins.IvyPlugin))), Clause(Atom(sbt.plugins.IvyPlugin),Set(Atom(sbt.plugins.JvmPlugin))), Clause(Atom(sbt.plugins.JvmPlugin),Set(Atom(sbt.plugins.JUnitXmlReportPlugin)))))
  :: deduced result: Matched(sbt.plugins.CorePlugin,sbt.plugins.IvyPlugin,sbt.plugins.JvmPlugin,sbt.plugins.JUnitXmlReportPlugin)
sorting: ns: List(sbt.plugins.CorePlugin, sbt.plugins.IvyPlugin, sbt.plugins.JvmPlugin, sbt.plugins.JUnitXmlReportPlugin)
  :: sorting:: found: List(sbt.plugins.CorePlugin) not found List(sbt.plugins.IvyPlugin, sbt.plugins.JvmPlugin, sbt.plugins.JUnitXmlReportPlugin)
  :: sorting:: found: List(sbt.plugins.CorePlugin, sbt.plugins.IvyPlugin) not found List(sbt.plugins.JvmPlugin, sbt.plugins.JUnitXmlReportPlugin)
  :: sorting:: found: List(sbt.plugins.CorePlugin, sbt.plugins.IvyPlugin, sbt.plugins.JvmPlugin) not found List(sbt.plugins.JUnitXmlReportPlugin)
  :: sorting:: found: List(sbt.plugins.CorePlugin, sbt.plugins.IvyPlugin, sbt.plugins.JvmPlugin, sbt.plugins.JUnitXmlReportPlugin) not found List()
  :: sorted deduced result: List(sbt.plugins.CorePlugin, sbt.plugins.IvyPlugin, sbt.plugins.JvmPlugin, sbt.plugins.JUnitXmlReportPlugin)
[Loading] Done in C:\Workspace\DSCrawler\project, returning: (dscrawler-build)
Loading project definition from C:\Workspace\DSCrawler\project
Running task... Cancel: sbt.TaskCancellationStrategy$Null$@618450dd, check cycles: false

Initial source changes: 
	removed:Set()
	added: Set()
	modified: Set()
Removed products: Set()
External API changes: API Changes: Set()
Modified binary dependencies: Set()
Initial directly invalidated sources: Set()

Sources indirectly invalidated by:
	product: Set()
	binary dep: Set()
	external source: Set()
All initially invalidated sources: Set()

Copy resource mappings: 
	
[Loading] Scanning directory C:\Workspace\DSCrawler
[Loading] Found root project root w/ remaining 
deducing auto plugins based on known facts Set(Atom(play.PlayJava), Atom(sbt.plugins.CorePlugin)) and clauses Clauses(List(Clause(Atom(sbt.plugins.JvmPlugin),Set(Atom(sbt.plugins.IvyPlugin))), Clause(Atom(sbt.plugins.JUnitXmlReportPlugin),Set(Atom(sbt.plugins.JvmPlugin))), Clause(Atom(play.sbt.forkrun.PlayForkRun),Set(Atom(sbt.plugins.BackgroundRunPlugin))), Clause(Atom(play.sbt.forkrun.PlayForkRun),Set(Atom(play.Play))), Clause(Atom(play.sbt.forkrun.PlayForkRun),Set(Atom(sbt.plugins.SerializersPlugin))), Clause(Atom(play.Play),Set(Atom(com.typesafe.sbt.webdriver.SbtWebDriver))), Clause(Atom(play.Play),Set(Atom(play.twirl.sbt.SbtTwirl))), Clause(Atom(play.Play),Set(Atom(com.typesafe.sbt.jse.SbtJsTask))), Clause(Atom(play.PlayJava),Set(Atom(play.Play))), Clause(Atom(play.PlayScala),Set(Atom(play.Play))), Clause(Atom(play.twirl.sbt.SbtTwirl),Set(Atom(sbt.plugins.JvmPlugin))), Clause(Atom(com.typesafe.sbt.jse.SbtJsEngine),Set(Atom(com.typesafe.sbt.web.SbtWeb))), Clause(Atom(com.typesafe.sbt.jse.SbtJsTask),Set(Atom(com.typesafe.sbt.jse.SbtJsEngine))), Clause(Atom(com.typesafe.sbt.webdriver.SbtWebDriver),Set(Atom(com.typesafe.sbt.web.SbtWeb))), Clause(Atom(sbt.plugins.BackgroundRunPlugin),Set(Atom(sbt.plugins.JvmPlugin))), Clause(Atom(com.typesafe.sbt.coffeescript.SbtCoffeeScript),Set(Atom(com.typesafe.sbt.jse.SbtJsTask))), Clause(Atom(com.typesafe.sbt.less.SbtLess),Set(Atom(com.typesafe.sbt.jse.SbtJsTask))), Clause(Atom(com.typesafe.sbt.jshint.SbtJSHint),Set(Atom(com.typesafe.sbt.jse.SbtJsTask))), Clause(Atom(com.typesafe.sbt.rjs.SbtRjs),Set(Atom(com.typesafe.sbt.jse.SbtJsTask))), Clause(Atom(com.typesafe.sbt.digest.SbtDigest),Set(Atom(com.typesafe.sbt.web.SbtWeb))), Clause(Atom(com.typesafe.sbt.mocha.SbtMocha),Set(Atom(com.typesafe.sbt.jse.SbtJsTask))), Clause(Atom(sbt.plugins.CorePlugin),Set(Atom(sbt.plugins.IvyPlugin))), Clause(Atom(sbt.plugins.IvyPlugin),Set(Atom(sbt.plugins.JvmPlugin))), Clause(Atom(sbt.plugins.JvmPlugin),Set(Atom(sbt.plugins.JUnitXmlReportPlugin))), Clause(And(Set(Atom(sbt.plugins.BackgroundRunPlugin), Atom(play.Play), Atom(sbt.plugins.SerializersPlugin))),Set(Atom(play.sbt.forkrun.PlayForkRun))), Clause(Atom(com.typesafe.sbt.web.SbtWeb),Set(Atom(com.typesafe.sbt.jse.SbtJsEngine))), Clause(Atom(com.typesafe.sbt.jse.SbtJsEngine),Set(Atom(com.typesafe.sbt.jse.SbtJsTask))), Clause(Atom(com.typesafe.sbt.web.SbtWeb),Set(Atom(com.typesafe.sbt.webdriver.SbtWebDriver))), Clause(Atom(sbt.plugins.JvmPlugin),Set(Atom(sbt.plugins.BackgroundRunPlugin))), Clause(Atom(sbt.plugins.CorePlugin),Set(Atom(sbt.plugins.InteractionServicePlugin))), Clause(Atom(sbt.plugins.CorePlugin),Set(Atom(sbt.plugins.SendEventServicePlugin))), Clause(Atom(sbt.plugins.CorePlugin),Set(Atom(sbt.plugins.SerializersPlugin))), Clause(Atom(com.typesafe.sbt.jse.SbtJsTask),Set(Atom(com.typesafe.sbt.coffeescript.SbtCoffeeScript))), Clause(Atom(com.typesafe.sbt.jse.SbtJsTask),Set(Atom(com.typesafe.sbt.less.SbtLess))), Clause(Atom(com.typesafe.sbt.jse.SbtJsTask),Set(Atom(com.typesafe.sbt.jshint.SbtJSHint))), Clause(Atom(com.typesafe.sbt.jse.SbtJsTask),Set(Atom(com.typesafe.sbt.rjs.SbtRjs))), Clause(Atom(com.typesafe.sbt.web.SbtWeb),Set(Atom(com.typesafe.sbt.digest.SbtDigest))), Clause(Atom(com.typesafe.sbt.jse.SbtJsTask),Set(Atom(com.typesafe.sbt.mocha.SbtMocha)))))
  :: deduced result: Matched(sbt.plugins.CorePlugin,play.PlayJava,sbt.plugins.InteractionServicePlugin,sbt.plugins.SendEventServicePlugin,play.Play,sbt.plugins.SerializersPlugin,sbt.plugins.IvyPlugin,sbt.plugins.JvmPlugin,com.typesafe.sbt.jse.SbtJsTask,play.twirl.sbt.SbtTwirl,com.typesafe.sbt.webdriver.SbtWebDriver,com.typesafe.sbt.jshint.SbtJSHint,sbt.plugins.JUnitXmlReportPlugin,com.typesafe.sbt.mocha.SbtMocha,com.typesafe.sbt.less.SbtLess,com.typesafe.sbt.web.SbtWeb,com.typesafe.sbt.rjs.SbtRjs,com.typesafe.sbt.jse.SbtJsEngine,com.typesafe.sbt.coffeescript.SbtCoffeeScript,sbt.plugins.BackgroundRunPlugin,com.typesafe.sbt.digest.SbtDigest,play.sbt.forkrun.PlayForkRun)
sorting: ns: List(sbt.plugins.CorePlugin, play.PlayJava, sbt.plugins.InteractionServicePlugin, sbt.plugins.SendEventServicePlugin, play.Play, sbt.plugins.SerializersPlugin, sbt.plugins.IvyPlugin, sbt.plugins.JvmPlugin, com.typesafe.sbt.jse.SbtJsTask, play.twirl.sbt.SbtTwirl, com.typesafe.sbt.webdriver.SbtWebDriver, com.typesafe.sbt.jshint.SbtJSHint, sbt.plugins.JUnitXmlReportPlugin, com.typesafe.sbt.mocha.SbtMocha, com.typesafe.sbt.less.SbtLess, com.typesafe.sbt.web.SbtWeb, com.typesafe.sbt.rjs.SbtRjs, com.typesafe.sbt.jse.SbtJsEngine, com.typesafe.sbt.coffeescript.SbtCoffeeScript, sbt.plugins.BackgroundRunPlugin, com.typesafe.sbt.digest.SbtDigest, play.sbt.forkrun.PlayForkRun)
  :: sorting:: found: List(sbt.plugins.CorePlugin, com.typesafe.sbt.web.SbtWeb) not found List(play.PlayJava, sbt.plugins.InteractionServicePlugin, sbt.plugins.SendEventServicePlugin, play.Play, sbt.plugins.SerializersPlugin, sbt.plugins.IvyPlugin, sbt.plugins.JvmPlugin, com.typesafe.sbt.jse.SbtJsTask, play.twirl.sbt.SbtTwirl, com.typesafe.sbt.webdriver.SbtWebDriver, com.typesafe.sbt.jshint.SbtJSHint, sbt.plugins.JUnitXmlReportPlugin, com.typesafe.sbt.mocha.SbtMocha, com.typesafe.sbt.less.SbtLess, com.typesafe.sbt.rjs.SbtRjs, com.typesafe.sbt.jse.SbtJsEngine, com.typesafe.sbt.coffeescript.SbtCoffeeScript, sbt.plugins.BackgroundRunPlugin, com.typesafe.sbt.digest.SbtDigest, play.sbt.forkrun.PlayForkRun)
  :: sorting:: found: List(sbt.plugins.CorePlugin, com.typesafe.sbt.web.SbtWeb, sbt.plugins.InteractionServicePlugin, sbt.plugins.SendEventServicePlugin, sbt.plugins.SerializersPlugin, sbt.plugins.IvyPlugin, com.typesafe.sbt.webdriver.SbtWebDriver, com.typesafe.sbt.jse.SbtJsEngine, com.typesafe.sbt.digest.SbtDigest) not found List(play.PlayJava, play.Play, sbt.plugins.JvmPlugin, com.typesafe.sbt.jse.SbtJsTask, play.twirl.sbt.SbtTwirl, com.typesafe.sbt.jshint.SbtJSHint, sbt.plugins.JUnitXmlReportPlugin, com.typesafe.sbt.mocha.SbtMocha, com.typesafe.sbt.less.SbtLess, com.typesafe.sbt.rjs.SbtRjs, com.typesafe.sbt.coffeescript.SbtCoffeeScript, sbt.plugins.BackgroundRunPlugin, play.sbt.forkrun.PlayForkRun)
  :: sorting:: found: List(sbt.plugins.CorePlugin, com.typesafe.sbt.web.SbtWeb, sbt.plugins.InteractionServicePlugin, sbt.plugins.SendEventServicePlugin, sbt.plugins.SerializersPlugin, sbt.plugins.IvyPlugin, com.typesafe.sbt.webdriver.SbtWebDriver, com.typesafe.sbt.jse.SbtJsEngine, com.typesafe.sbt.digest.SbtDigest, sbt.plugins.JvmPlugin, com.typesafe.sbt.jse.SbtJsTask) not found List(play.PlayJava, play.Play, play.twirl.sbt.SbtTwirl, com.typesafe.sbt.jshint.SbtJSHint, sbt.plugins.JUnitXmlReportPlugin, com.typesafe.sbt.mocha.SbtMocha, com.typesafe.sbt.less.SbtLess, com.typesafe.sbt.rjs.SbtRjs, com.typesafe.sbt.coffeescript.SbtCoffeeScript, sbt.plugins.BackgroundRunPlugin, play.sbt.forkrun.PlayForkRun)
  :: sorting:: found: List(sbt.plugins.CorePlugin, com.typesafe.sbt.web.SbtWeb, sbt.plugins.InteractionServicePlugin, sbt.plugins.SendEventServicePlugin, sbt.plugins.SerializersPlugin, sbt.plugins.IvyPlugin, com.typesafe.sbt.webdriver.SbtWebDriver, com.typesafe.sbt.jse.SbtJsEngine, com.typesafe.sbt.digest.SbtDigest, sbt.plugins.JvmPlugin, com.typesafe.sbt.jse.SbtJsTask, play.twirl.sbt.SbtTwirl, com.typesafe.sbt.jshint.SbtJSHint, sbt.plugins.JUnitXmlReportPlugin, com.typesafe.sbt.mocha.SbtMocha, com.typesafe.sbt.less.SbtLess, com.typesafe.sbt.rjs.SbtRjs, com.typesafe.sbt.coffeescript.SbtCoffeeScript, sbt.plugins.BackgroundRunPlugin) not found List(play.PlayJava, play.Play, play.sbt.forkrun.PlayForkRun)
  :: sorting:: found: List(sbt.plugins.CorePlugin, com.typesafe.sbt.web.SbtWeb, sbt.plugins.InteractionServicePlugin, sbt.plugins.SendEventServicePlugin, sbt.plugins.SerializersPlugin, sbt.plugins.IvyPlugin, com.typesafe.sbt.webdriver.SbtWebDriver, com.typesafe.sbt.jse.SbtJsEngine, com.typesafe.sbt.digest.SbtDigest, sbt.plugins.JvmPlugin, com.typesafe.sbt.jse.SbtJsTask, play.twirl.sbt.SbtTwirl, com.typesafe.sbt.jshint.SbtJSHint, sbt.plugins.JUnitXmlReportPlugin, com.typesafe.sbt.mocha.SbtMocha, com.typesafe.sbt.less.SbtLess, com.typesafe.sbt.rjs.SbtRjs, com.typesafe.sbt.coffeescript.SbtCoffeeScript, sbt.plugins.BackgroundRunPlugin, play.Play) not found List(play.PlayJava, play.sbt.forkrun.PlayForkRun)
  :: sorting:: found: List(sbt.plugins.CorePlugin, com.typesafe.sbt.web.SbtWeb, sbt.plugins.InteractionServicePlugin, sbt.plugins.SendEventServicePlugin, sbt.plugins.SerializersPlugin, sbt.plugins.IvyPlugin, com.typesafe.sbt.webdriver.SbtWebDriver, com.typesafe.sbt.jse.SbtJsEngine, com.typesafe.sbt.digest.SbtDigest, sbt.plugins.JvmPlugin, com.typesafe.sbt.jse.SbtJsTask, play.twirl.sbt.SbtTwirl, com.typesafe.sbt.jshint.SbtJSHint, sbt.plugins.JUnitXmlReportPlugin, com.typesafe.sbt.mocha.SbtMocha, com.typesafe.sbt.less.SbtLess, com.typesafe.sbt.rjs.SbtRjs, com.typesafe.sbt.coffeescript.SbtCoffeeScript, sbt.plugins.BackgroundRunPlugin, play.Play, play.PlayJava, play.sbt.forkrun.PlayForkRun) not found List()
  :: sorted deduced result: List(sbt.plugins.CorePlugin, com.typesafe.sbt.web.SbtWeb, sbt.plugins.InteractionServicePlugin, sbt.plugins.SendEventServicePlugin, sbt.plugins.SerializersPlugin, sbt.plugins.IvyPlugin, com.typesafe.sbt.webdriver.SbtWebDriver, com.typesafe.sbt.jse.SbtJsEngine, com.typesafe.sbt.digest.SbtDigest, sbt.plugins.JvmPlugin, com.typesafe.sbt.jse.SbtJsTask, play.twirl.sbt.SbtTwirl, com.typesafe.sbt.jshint.SbtJSHint, sbt.plugins.JUnitXmlReportPlugin, com.typesafe.sbt.mocha.SbtMocha, com.typesafe.sbt.less.SbtLess, com.typesafe.sbt.rjs.SbtRjs, com.typesafe.sbt.coffeescript.SbtCoffeeScript, sbt.plugins.BackgroundRunPlugin, play.Play, play.PlayJava, play.sbt.forkrun.PlayForkRun)
[Loading] Done in C:\Workspace\DSCrawler, returning: (root)
Set current project to DSCrawler (in build file:/C:/Workspace/DSCrawler/)
Reapplying settings...
Set current project to DSCrawler (in build file:/C:/Workspace/DSCrawler/)
> iflast shell
> server-send-ready-for-request
> server-handle-next-server-request
> {file:/C:/Workspace/DSCrawler/}root/compile:discoveredMainClasses
Evaluating tasks: compile:discoveredMainClasses
Running task... Cancel: sbt.server.ServerTaskCancellation@1ad60166, check cycles: false

Initial source changes: 
	removed:Set()
	added: Set()
	modified: Set()
Removed products: Set()
External API changes: API Changes: Set()
Modified binary dependencies: Set()
Initial directly invalidated sources: Set()

Sources indirectly invalidated by:
	product: Set()
	binary dep: Set()
	external source: Set()
All initially invalidated sources: Set()

Total time: 1 s, completed Dec 7, 2015 3:02:05 PM
> server-post-command-cleanup
> server-handle-next-server-request
> {file:/C:/Workspace/DSCrawler/}root/compile:mainClass
Evaluating tasks: compile:mainClass
Running task... Cancel: sbt.server.ServerTaskCancellation@59c67556, check cycles: false
Total time: 0 s, completed Dec 7, 2015 3:02:05 PM
> server-post-command-cleanup
> server-handle-next-server-request
> {file:/C:/Workspace/DSCrawler/}root/compile:discoveredMainClasses
Evaluating tasks: compile:discoveredMainClasses
Running task... Cancel: sbt.server.ServerTaskCancellation@26c61c1c, check cycles: false

Initial source changes: 
	removed:Set()
	added: Set()
	modified: Set()
Removed products: Set()
External API changes: API Changes: Set()
Modified binary dependencies: Set()
Initial directly invalidated sources: Set()

Sources indirectly invalidated by:
	product: Set()
	binary dep: Set()
	external source: Set()
All initially invalidated sources: Set()

Total time: 0 s, completed Dec 7, 2015 3:02:05 PM
> server-post-command-cleanup
> server-handle-next-server-request
> {file:/C:/Workspace/DSCrawler/}root/compile:mainClass
Evaluating tasks: compile:mainClass
Running task... Cancel: sbt.server.ServerTaskCancellation@b56141a, check cycles: false
Total time: 0 s, completed Dec 7, 2015 3:02:05 PM
> server-post-command-cleanup
> server-handle-next-server-request
> {file:/C:/Workspace/DSCrawler/}root/compile:discoveredMainClasses
Evaluating tasks: compile:discoveredMainClasses
Running task... Cancel: sbt.server.ServerTaskCancellation@524fd73c, check cycles: false

Initial source changes: 
	removed:Set()
	added: Set()
	modified: Set()
Removed products: Set()
External API changes: API Changes: Set()
Modified binary dependencies: Set()
Initial directly invalidated sources: Set()

Sources indirectly invalidated by:
	product: Set()
	binary dep: Set()
	external source: Set()
All initially invalidated sources: Set()

Total time: 0 s, completed Dec 7, 2015 3:02:06 PM
> server-post-command-cleanup
> server-handle-next-server-request
> backgroundRun
Evaluating tasks: compile:backgroundRun
Running task... Cancel: sbt.server.ServerTaskCancellation@22284df, check cycles: false
Total time: 0 s, completed Dec 7, 2015 3:02:07 PM
> server-post-command-cleanup
> server-handle-next-server-request
> {file:/C:/Workspace/DSCrawler/}root/*:playForkConfig
Evaluating tasks: *:playForkConfig
Running task... Cancel: sbt.server.ServerTaskCancellation@44c8bfb4, check cycles: false
Total time: 0 s, completed Dec 7, 2015 3:02:09 PM
> server-post-command-cleanup
> server-handle-next-server-request
> root/playForkNotifyStart http://localhost:9000
Evaluating tasks: *:playForkNotifyStart
Running task... Cancel: sbt.server.ServerTaskCancellation@5d4a803, check cycles: false
Total time: 0 s, completed Dec 7, 2015 3:02:09 PM
> server-post-command-cleanup
> server-handle-next-server-request
> {file:/C:/Workspace/DSCrawler/}root/*:playForkReload
Evaluating tasks: *:playForkReload
Running task... Cancel: sbt.server.ServerTaskCancellation@5254f462, check cycles: false

Initial source changes: 
	removed:Set()
	added: Set()
	modified: Set()
Removed products: Set()
External API changes: API Changes: Set()
Modified binary dependencies: Set()
Initial directly invalidated sources: Set()

Sources indirectly invalidated by:
	product: Set()
	binary dep: Set()
	external source: Set()
All initially invalidated sources: Set()

Copy resource mappings: 
	(C:\Workspace\DSCrawler\conf\application.conf,C:\Workspace\DSCrawler\target\scala-2.11\classes\application.conf)
	(C:\Workspace\DSCrawler\conf\logger.xml,C:\Workspace\DSCrawler\target\scala-2.11\classes\logger.xml)
	(C:\Workspace\DSCrawler\conf\META-INF,C:\Workspace\DSCrawler\target\scala-2.11\classes\META-INF)
	(C:\Workspace\DSCrawler\conf\routes,C:\Workspace\DSCrawler\target\scala-2.11\classes\routes)
	(C:\Workspace\DSCrawler\conf\sprockets.xml,C:\Workspace\DSCrawler\target\scala-2.11\classes\sprockets.xml)
	(C:\Workspace\DSCrawler\conf\META-INF\persistence.xml,C:\Workspace\DSCrawler\target\scala-2.11\classes\META-INF\persistence.xml)
Total time: 1 s, completed Dec 7, 2015 3:02:10 PM
> server-post-command-cleanup
> server-handle-next-server-request
> compile
Evaluating tasks: compile:compile
Running task... Cancel: sbt.server.ServerTaskCancellation@46636a33, check cycles: false

Initial source changes: 
	removed:Set()
	added: Set()
	modified: Set(C:\Workspace\DSCrawler\app\datatransfer\CSVGenerator.java)
Removed products: Set()
External API changes: API Changes: Set()
Modified binary dependencies: Set()
Initial directly invalidated sources: Set(C:\Workspace\DSCrawler\app\datatransfer\CSVGenerator.java)

Sources indirectly invalidated by:
	product: Set()
	binary dep: Set()
	external source: Set()
All initially invalidated sources: Set(C:\Workspace\DSCrawler\app\datatransfer\CSVGenerator.java)

Read from stdout: Compiling 1 Java source to C:\Workspace\DSCrawler\target\scala-2.11\classes...
Compiling 1 Java source to C:\Workspace\DSCrawler\target\scala-2.11\classes...
Read from stdout: C:\Workspace\DSCrawler\app\datatransfer\CSVGenerator.java:101:  error: no suitable method found for add(WebProvider)
C:\Workspace\DSCrawler\app\datatransfer\CSVGenerator.java:101:  error: no suitable method found for add(WebProvider)
Read from stdout: 			values.add(siteCrawl.getInferredWebProvider());
Read from stdout: 			      ^
			values.add(siteCrawl.getInferredWebProvider());
			      ^
Read from stdout: (compile:compileIncremental) javac returned nonzero exit code
(compile:compileIncremental) javac returned nonzero exit code
Total time: 2 s, completed Dec 7, 2015 3:06:48 PM
> server-post-command-error-handler
> server-post-command-cleanup
> server-handle-next-server-request
> {file:/C:/Workspace/DSCrawler/}root/*:playForkReload
Evaluating tasks: *:playForkReload
Running task... Cancel: sbt.server.ServerTaskCancellation@49a284d4, check cycles: false

Initial source changes: 
	removed:Set()
	added: Set()
	modified: Set(C:\Workspace\DSCrawler\app\datatransfer\CSVGenerator.java)
Removed products: Set()
External API changes: API Changes: Set()
Modified binary dependencies: Set()
Initial directly invalidated sources: Set(C:\Workspace\DSCrawler\app\datatransfer\CSVGenerator.java)

Sources indirectly invalidated by:
	product: Set()
	binary dep: Set()
	external source: Set()
All initially invalidated sources: Set(C:\Workspace\DSCrawler\app\datatransfer\CSVGenerator.java)

Read from stdout: Compiling 1 Java source to C:\Workspace\DSCrawler\target\scala-2.11\classes...
Compiling 1 Java source to C:\Workspace\DSCrawler\target\scala-2.11\classes...
Read from stdout: C:\Workspace\DSCrawler\app\datatransfer\CSVGenerator.java:101:  error: no suitable method found for add(WebProvider)
C:\Workspace\DSCrawler\app\datatransfer\CSVGenerator.java:101:  error: no suitable method found for add(WebProvider)
Read from stdout: 			values.add(siteCrawl.getInferredWebProvider());
Read from stdout: 			      ^
			values.add(siteCrawl.getInferredWebProvider());
			      ^
Total time: 1 s, completed Dec 7, 2015 3:07:01 PM
> server-post-command-cleanup
> server-handle-next-server-request
> {file:/C:/Workspace/DSCrawler/}root/*:playForkReload
Evaluating tasks: *:playForkReload
Running task... Cancel: sbt.server.ServerTaskCancellation@2cc4c9f, check cycles: false

Initial source changes: 
	removed:Set()
	added: Set()
	modified: Set(C:\Workspace\DSCrawler\app\datatransfer\CSVGenerator.java)
Removed products: Set()
External API changes: API Changes: Set()
Modified binary dependencies: Set()
Initial directly invalidated sources: Set(C:\Workspace\DSCrawler\app\datatransfer\CSVGenerator.java)

Sources indirectly invalidated by:
	product: Set()
	binary dep: Set()
	external source: Set()
All initially invalidated sources: Set(C:\Workspace\DSCrawler\app\datatransfer\CSVGenerator.java)

Read from stdout: Compiling 1 Java source to C:\Workspace\DSCrawler\target\scala-2.11\classes...
Compiling 1 Java source to C:\Workspace\DSCrawler\target\scala-2.11\classes...
Read from stdout: C:\Workspace\DSCrawler\app\datatransfer\CSVGenerator.java:101:  error: no suitable method found for add(WebProvider)
C:\Workspace\DSCrawler\app\datatransfer\CSVGenerator.java:101:  error: no suitable method found for add(WebProvider)
Read from stdout: 			values.add(siteCrawl.getInferredWebProvider());
Read from stdout: 			      ^
			values.add(siteCrawl.getInferredWebProvider());
			      ^
Total time: 1 s, completed Dec 7, 2015 3:07:02 PM
> server-post-command-cleanup
> server-handle-next-server-request
> {file:/C:/Workspace/DSCrawler/}root/*:playForkReload
Evaluating tasks: *:playForkReload
Running task... Cancel: sbt.server.ServerTaskCancellation@d9c91f6, check cycles: false

Initial source changes: 
	removed:Set()
	added: Set()
	modified: Set(C:\Workspace\DSCrawler\app\datatransfer\CSVGenerator.java)
Removed products: Set()
External API changes: API Changes: Set()
Modified binary dependencies: Set()
Initial directly invalidated sources: Set(C:\Workspace\DSCrawler\app\datatransfer\CSVGenerator.java)

Sources indirectly invalidated by:
	product: Set()
	binary dep: Set()
	external source: Set()
All initially invalidated sources: Set(C:\Workspace\DSCrawler\app\datatransfer\CSVGenerator.java)

Read from stdout: Compiling 1 Java source to C:\Workspace\DSCrawler\target\scala-2.11\classes...
Compiling 1 Java source to C:\Workspace\DSCrawler\target\scala-2.11\classes...
Read from stdout: C:\Workspace\DSCrawler\app\datatransfer\CSVGenerator.java:101:  error: no suitable method found for add(WebProvider)
C:\Workspace\DSCrawler\app\datatransfer\CSVGenerator.java:101:  error: no suitable method found for add(WebProvider)
Read from stdout: 			values.add(siteCrawl.getInferredWebProvider());
Read from stdout: 			      ^
			values.add(siteCrawl.getInferredWebProvider());
			      ^
Total time: 1 s, completed Dec 7, 2015 3:07:32 PM
> server-post-command-cleanup
> server-handle-next-server-request
> {file:/C:/Workspace/DSCrawler/}root/*:playForkReload
Evaluating tasks: *:playForkReload
Running task... Cancel: sbt.server.ServerTaskCancellation@6c7ba2ea, check cycles: false

Initial source changes: 
	removed:Set()
	added: Set()
	modified: Set(C:\Workspace\DSCrawler\app\datatransfer\CSVGenerator.java)
Removed products: Set()
External API changes: API Changes: Set()
Modified binary dependencies: Set()
Initial directly invalidated sources: Set(C:\Workspace\DSCrawler\app\datatransfer\CSVGenerator.java)

Sources indirectly invalidated by:
	product: Set()
	binary dep: Set()
	external source: Set()
All initially invalidated sources: Set(C:\Workspace\DSCrawler\app\datatransfer\CSVGenerator.java)

Read from stdout: Compiling 1 Java source to C:\Workspace\DSCrawler\target\scala-2.11\classes...
Compiling 1 Java source to C:\Workspace\DSCrawler\target\scala-2.11\classes...
Read from stdout: C:\Workspace\DSCrawler\app\datatransfer\CSVGenerator.java:101:  error: no suitable method found for add(WebProvider)
C:\Workspace\DSCrawler\app\datatransfer\CSVGenerator.java:101:  error: no suitable method found for add(WebProvider)
Read from stdout: 			values.add(siteCrawl.getInferredWebProvider());
Read from stdout: 			      ^
			values.add(siteCrawl.getInferredWebProvider());
			      ^
Total time: 1 s, completed Dec 7, 2015 3:07:33 PM
> server-post-command-cleanup
> server-handle-next-server-request
> compile
Evaluating tasks: compile:compile
Running task... Cancel: sbt.server.ServerTaskCancellation@1dd8c1b1, check cycles: false

Initial source changes: 
	removed:Set()
	added: Set()
	modified: Set(C:\Workspace\DSCrawler\app\datatransfer\CSVGenerator.java)
Removed products: Set()
External API changes: API Changes: Set()
Modified binary dependencies: Set()
Initial directly invalidated sources: Set(C:\Workspace\DSCrawler\app\datatransfer\CSVGenerator.java)

Sources indirectly invalidated by:
	product: Set()
	binary dep: Set()
	external source: Set()
All initially invalidated sources: Set(C:\Workspace\DSCrawler\app\datatransfer\CSVGenerator.java)

Read from stdout: Compiling 1 Java source to C:\Workspace\DSCrawler\target\scala-2.11\classes...
Compiling 1 Java source to C:\Workspace\DSCrawler\target\scala-2.11\classes...
Read from stdout: Note: C:\Workspace\DSCrawler\app\datatransfer\CSVGenerator.java uses unchecked or unsafe operations.
Note: C:\Workspace\DSCrawler\app\datatransfer\CSVGenerator.java uses unchecked or unsafe operations.
Read from stdout: Note: Recompile with -Xlint:unchecked for details.
Note: Recompile with -Xlint:unchecked for details.
Java compilation took 0.935404279 s
Java analysis took 0.086693908 s
Java compile + analysis took 1.044063255 s
New invalidations:
	Set()
Initial set of included nodes: Set()
Previously invalidated, but (transitively) depend on new invalidations:
	Set()
All newly invalidated sources after taking into account (previously) recompiled sources:Set()
Total time: 2 s, completed Dec 7, 2015 3:07:36 PM
> server-post-command-cleanup
> server-handle-next-server-request
> compile
Evaluating tasks: compile:compile
Running task... Cancel: sbt.server.ServerTaskCancellation@7eab8439, check cycles: false

Initial source changes: 
	removed:Set()
	added: Set()
	modified: Set(C:\Workspace\DSCrawler\app\datatransfer\CSVGenerator.java)
Removed products: Set()
External API changes: API Changes: Set()
Modified binary dependencies: Set()
Initial directly invalidated sources: Set(C:\Workspace\DSCrawler\app\datatransfer\CSVGenerator.java)

Sources indirectly invalidated by:
	product: Set()
	binary dep: Set()
	external source: Set()
All initially invalidated sources: Set(C:\Workspace\DSCrawler\app\datatransfer\CSVGenerator.java)

Read from stdout: Compiling 1 Java source to C:\Workspace\DSCrawler\target\scala-2.11\classes...
Compiling 1 Java source to C:\Workspace\DSCrawler\target\scala-2.11\classes...
Read from stdout: Note: C:\Workspace\DSCrawler\app\datatransfer\CSVGenerator.java uses unchecked or unsafe operations.
Note: C:\Workspace\DSCrawler\app\datatransfer\CSVGenerator.java uses unchecked or unsafe operations.
Read from stdout: Note: Recompile with -Xlint:unchecked for details.
Note: Recompile with -Xlint:unchecked for details.
Java compilation took 0.964014681 s
Java analysis took 0.034031413 s
Java compile + analysis took 1.011276088 s
New invalidations:
	Set()
Initial set of included nodes: Set()
Previously invalidated, but (transitively) depend on new invalidations:
	Set()
All newly invalidated sources after taking into account (previously) recompiled sources:Set()
Total time: 1 s, completed Dec 7, 2015 3:07:51 PM
> server-post-command-cleanup
> server-handle-next-server-request
> {file:/C:/Workspace/DSCrawler/}root/*:playForkReload
Evaluating tasks: *:playForkReload
Running task... Cancel: sbt.server.ServerTaskCancellation@12984df5, check cycles: false

Initial source changes: 
	removed:Set()
	added: Set()
	modified: Set()
Removed products: Set()
External API changes: API Changes: Set()
Modified binary dependencies: Set()
Initial directly invalidated sources: Set()

Sources indirectly invalidated by:
	product: Set()
	binary dep: Set()
	external source: Set()
All initially invalidated sources: Set()

Copy resource mappings: 
	(C:\Workspace\DSCrawler\conf\application.conf,C:\Workspace\DSCrawler\target\scala-2.11\classes\application.conf)
	(C:\Workspace\DSCrawler\conf\logger.xml,C:\Workspace\DSCrawler\target\scala-2.11\classes\logger.xml)
	(C:\Workspace\DSCrawler\conf\META-INF,C:\Workspace\DSCrawler\target\scala-2.11\classes\META-INF)
	(C:\Workspace\DSCrawler\conf\routes,C:\Workspace\DSCrawler\target\scala-2.11\classes\routes)
	(C:\Workspace\DSCrawler\conf\sprockets.xml,C:\Workspace\DSCrawler\target\scala-2.11\classes\sprockets.xml)
	(C:\Workspace\DSCrawler\conf\META-INF\persistence.xml,C:\Workspace\DSCrawler\target\scala-2.11\classes\META-INF\persistence.xml)
Total time: 1 s, completed Dec 7, 2015 3:07:59 PM
> server-post-command-cleanup
> server-handle-next-server-request
> compile
Evaluating tasks: compile:compile
Running task... Cancel: sbt.server.ServerTaskCancellation@6ef057d5, check cycles: false

Initial source changes: 
	removed:Set()
	added: Set()
	modified: Set(C:\Workspace\DSCrawler\app\analysis\SiteCrawlAnalyzer.java)
Removed products: Set()
External API changes: API Changes: Set()
Modified binary dependencies: Set()
Initial directly invalidated sources: Set(C:\Workspace\DSCrawler\app\analysis\SiteCrawlAnalyzer.java)

Sources indirectly invalidated by:
	product: Set()
	binary dep: Set()
	external source: Set()
All initially invalidated sources: Set(C:\Workspace\DSCrawler\app\analysis\SiteCrawlAnalyzer.java)

Read from stdout: Compiling 1 Java source to C:\Workspace\DSCrawler\target\scala-2.11\classes...
Compiling 1 Java source to C:\Workspace\DSCrawler\target\scala-2.11\classes...
Java compilation took 0.789794953 s
Java analysis took 0.040173555 s
Java compile + analysis took 0.843104324 s
New invalidations:
	Set()
Initial set of included nodes: Set()
Previously invalidated, but (transitively) depend on new invalidations:
	Set()
All newly invalidated sources after taking into account (previously) recompiled sources:Set()
Total time: 1 s, completed Dec 7, 2015 3:11:44 PM
> server-post-command-cleanup
> server-handle-next-server-request
> compile
Evaluating tasks: compile:compile
Running task... Cancel: sbt.server.ServerTaskCancellation@12f61617, check cycles: false

Initial source changes: 
	removed:Set()
	added: Set()
	modified: Set(C:\Workspace\DSCrawler\app\analysis\SiteCrawlAnalyzer.java)
Removed products: Set()
External API changes: API Changes: Set()
Modified binary dependencies: Set()
Initial directly invalidated sources: Set(C:\Workspace\DSCrawler\app\analysis\SiteCrawlAnalyzer.java)

Sources indirectly invalidated by:
	product: Set()
	binary dep: Set()
	external source: Set()
All initially invalidated sources: Set(C:\Workspace\DSCrawler\app\analysis\SiteCrawlAnalyzer.java)

Read from stdout: Compiling 1 Java source to C:\Workspace\DSCrawler\target\scala-2.11\classes...
Compiling 1 Java source to C:\Workspace\DSCrawler\target\scala-2.11\classes...
Java compilation took 0.883824536 s
Java analysis took 0.045574642 s
Java compile + analysis took 0.945119778 s
New invalidations:
	Set()
Initial set of included nodes: Set()
Previously invalidated, but (transitively) depend on new invalidations:
	Set()
All newly invalidated sources after taking into account (previously) recompiled sources:Set()
Total time: 1 s, completed Dec 7, 2015 3:11:54 PM
> server-post-command-cleanup
> server-handle-next-server-request
> {file:/C:/Workspace/DSCrawler/}root/*:playForkReload
Evaluating tasks: *:playForkReload
Running task... Cancel: sbt.server.ServerTaskCancellation@17ded6b2, check cycles: false

Initial source changes: 
	removed:Set()
	added: Set()
	modified: Set()
Removed products: Set()
External API changes: API Changes: Set()
Modified binary dependencies: Set()
Initial directly invalidated sources: Set()

Sources indirectly invalidated by:
	product: Set()
	binary dep: Set()
	external source: Set()
All initially invalidated sources: Set()

Copy resource mappings: 
	(C:\Workspace\DSCrawler\conf\application.conf,C:\Workspace\DSCrawler\target\scala-2.11\classes\application.conf)
	(C:\Workspace\DSCrawler\conf\logger.xml,C:\Workspace\DSCrawler\target\scala-2.11\classes\logger.xml)
	(C:\Workspace\DSCrawler\conf\META-INF,C:\Workspace\DSCrawler\target\scala-2.11\classes\META-INF)
	(C:\Workspace\DSCrawler\conf\routes,C:\Workspace\DSCrawler\target\scala-2.11\classes\routes)
	(C:\Workspace\DSCrawler\conf\sprockets.xml,C:\Workspace\DSCrawler\target\scala-2.11\classes\sprockets.xml)
	(C:\Workspace\DSCrawler\conf\META-INF\persistence.xml,C:\Workspace\DSCrawler\target\scala-2.11\classes\META-INF\persistence.xml)
Total time: 1 s, completed Dec 7, 2015 3:12:07 PM
> server-post-command-cleanup
> server-handle-next-server-request
> jobStop 1
Evaluating tasks: *:jobStop
Running task... Cancel: sbt.server.ServerTaskCancellation@3a418a29, check cycles: false
Total time: 0 s, completed Dec 7, 2015 3:17:25 PM
> server-post-command-cleanup
> server-handle-next-server-request
> {file:/C:/Workspace/DSCrawler/}root/compile:discoveredMainClasses
Evaluating tasks: compile:discoveredMainClasses
Running task... Cancel: sbt.server.ServerTaskCancellation@15b7b13a, check cycles: false

Initial source changes: 
	removed:Set()
	added: Set()
	modified: Set()
Removed products: Set()
External API changes: API Changes: Set()
Modified binary dependencies: Set()
Initial directly invalidated sources: Set()

Sources indirectly invalidated by:
	product: Set()
	binary dep: Set()
	external source: Set()
All initially invalidated sources: Set()

Total time: 1 s, completed Dec 7, 2015 3:17:36 PM
> server-post-command-cleanup
> server-handle-next-server-request
> {file:/C:/Workspace/DSCrawler/}root/compile:mainClass
Evaluating tasks: compile:mainClass
Running task... Cancel: sbt.server.ServerTaskCancellation@4419caf5, check cycles: false
Total time: 0 s, completed Dec 7, 2015 3:17:36 PM
> server-post-command-cleanup
> server-handle-next-server-request
Done executing sbt server engine, result Right(Exit(0))
Closing listening server socket
Waiting for socket thread
Waiting for request processor thread
Waiting for command engine result
Returning control to sbt launcher with result Exit(0)
Closing the 7984@DS5520 logs at Mon Dec 07 15:17:37 MST 2015, goodbye.
